[debug] [2025-11-05T10:09:45.017Z] ----------------------------------------------------------------------
[debug] [2025-11-05T10:09:45.023Z] Command:       C:\Program Files\nodejs\node.exe C:\Users\user\AppData\Roaming\npm\node_modules\firebase-tools\lib\bin\firebase.js projects:list
[debug] [2025-11-05T10:09:45.024Z] CLI Version:   14.22.0
[debug] [2025-11-05T10:09:45.024Z] Platform:      win32
[debug] [2025-11-05T10:09:45.024Z] Node Version:  v22.17.0
[debug] [2025-11-05T10:09:45.025Z] Time:          Wed Nov 05 2025 15:39:45 GMT+0530 (India Standard Time)
[debug] [2025-11-05T10:09:45.025Z] ----------------------------------------------------------------------
[debug] 
[debug] [2025-11-05T10:09:45.035Z] > command requires scopes: ["email","openid","https://www.googleapis.com/auth/cloudplatformprojects.readonly","https://www.googleapis.com/auth/firebase","https://www.googleapis.com/auth/cloud-platform"]
[debug] [2025-11-05T10:09:45.036Z] > authorizing via signed-in user (pradipbisht007@gmail.com)
[debug] [2025-11-05T10:09:45.045Z] Checked if tokens are valid: false, expires at: 1704272051946
[debug] [2025-11-05T10:09:45.046Z] Checked if tokens are valid: false, expires at: 1704272051946
[debug] [2025-11-05T10:09:45.046Z] > refreshing access token with scopes: []
[debug] [2025-11-05T10:09:45.049Z] >>> [apiv2][query] POST https://www.googleapis.com/oauth2/v3/token [none]
[debug] [2025-11-05T10:09:45.049Z] >>> [apiv2][body] POST https://www.googleapis.com/oauth2/v3/token [omitted]
[debug] [2025-11-05T10:09:45.296Z] <<< [apiv2][status] POST https://www.googleapis.com/oauth2/v3/token 400
[debug] [2025-11-05T10:09:45.297Z] <<< [apiv2][body] POST https://www.googleapis.com/oauth2/v3/token [omitted]
[debug] [2025-11-05T10:09:45.297Z] >>> [apiv2][query] GET https://firebase.googleapis.com/v1beta1/projects pageSize=1000
[debug] [2025-11-05T10:09:45.478Z] <<< [apiv2][status] GET https://firebase.googleapis.com/v1beta1/projects 401
[debug] [2025-11-05T10:09:45.479Z] <<< [apiv2][body] GET https://firebase.googleapis.com/v1beta1/projects [omitted]
[debug] [2025-11-05T10:09:45.479Z] Got a 401 Unauthenticated error for a call that required authentication. Refreshing tokens.
[debug] [2025-11-05T10:09:45.479Z] Checked if tokens are valid: false, expires at: 1704272051946
[debug] [2025-11-05T10:09:45.479Z] Checked if tokens are valid: false, expires at: 1704272051946
[debug] [2025-11-05T10:09:45.479Z] > refreshing access token with scopes: []
[debug] [2025-11-05T10:09:45.480Z] >>> [apiv2][query] POST https://www.googleapis.com/oauth2/v3/token [none]
[debug] [2025-11-05T10:09:45.480Z] >>> [apiv2][body] POST https://www.googleapis.com/oauth2/v3/token [omitted]
[debug] [2025-11-05T10:09:45.644Z] <<< [apiv2][status] POST https://www.googleapis.com/oauth2/v3/token 400
[debug] [2025-11-05T10:09:45.645Z] <<< [apiv2][body] POST https://www.googleapis.com/oauth2/v3/token [omitted]
[debug] [2025-11-05T10:09:45.646Z] Request to https://firebase.googleapis.com/v1beta1/projects?pageSize=1000 had HTTP Error: 401, Request had invalid authentication credentials. Expected OAuth 2 access token, login cookie or other valid authentication credential. See https://developers.google.com/identity/sign-in/web/devconsole-project.
[debug] [2025-11-05T10:09:45.874Z] FirebaseError: Request to https://firebase.googleapis.com/v1beta1/projects?pageSize=1000 had HTTP Error: 401, Request had invalid authentication credentials. Expected OAuth 2 access token, login cookie or other valid authentication credential. See https://developers.google.com/identity/sign-in/web/devconsole-project.
    at responseToError (C:\Users\user\AppData\Roaming\npm\node_modules\firebase-tools\lib\responseToError.js:53:12)
    at RetryOperation._fn (C:\Users\user\AppData\Roaming\npm\node_modules\firebase-tools\lib\apiv2.js:312:77)
    at process.processTicksAndRejections (node:internal/process/task_queues:105:5)
[error] 
[error] Error: Failed to list Firebase projects. See firebase-debug.log for more info.
[debug] [2025-11-05T10:10:05.907Z] ----------------------------------------------------------------------
[debug] [2025-11-05T10:10:05.910Z] Command:       C:\Program Files\nodejs\node.exe C:\Users\user\AppData\Roaming\npm\node_modules\firebase-tools\lib\bin\firebase.js init firestore
[debug] [2025-11-05T10:10:05.910Z] CLI Version:   14.22.0
[debug] [2025-11-05T10:10:05.910Z] Platform:      win32
[debug] [2025-11-05T10:10:05.911Z] Node Version:  v22.17.0
[debug] [2025-11-05T10:10:05.911Z] Time:          Wed Nov 05 2025 15:40:05 GMT+0530 (India Standard Time)
[debug] [2025-11-05T10:10:05.911Z] ----------------------------------------------------------------------
[debug] 
[info] 
     ######## #### ########  ######## ########     ###     ######  ########
     ##        ##  ##     ## ##       ##     ##  ##   ##  ##       ##
     ######    ##  ########  ######   ########  #########  ######  ######
     ##        ##  ##    ##  ##       ##     ## ##     ##       ## ##
     ##       #### ##     ## ######## ########  ##     ##  ######  ########

You're about to initialize a Firebase project in this directory:

  C:\Users\user\OneDrive\Desktop\supabase\app

[info] 
=== Project Setup
[info] 
[info] First, let's associate this project directory with a Firebase project.
[info] You can create multiple project aliases by running firebase use --add, 
[info] 
[debug] [2025-11-05T10:10:24.069Z] > command requires scopes: ["email","openid","https://www.googleapis.com/auth/cloudplatformprojects.readonly","https://www.googleapis.com/auth/firebase","https://www.googleapis.com/auth/cloud-platform"]
[debug] [2025-11-05T10:10:24.072Z] > authorizing via signed-in user (pradipbisht007@gmail.com)
[debug] [2025-11-05T10:10:24.075Z] Checked if tokens are valid: false, expires at: 1704272051946
[debug] [2025-11-05T10:10:24.075Z] Checked if tokens are valid: false, expires at: 1704272051946
[debug] [2025-11-05T10:10:24.076Z] > refreshing access token with scopes: []
[debug] [2025-11-05T10:10:24.078Z] >>> [apiv2][query] POST https://www.googleapis.com/oauth2/v3/token [none]
[debug] [2025-11-05T10:10:24.078Z] >>> [apiv2][body] POST https://www.googleapis.com/oauth2/v3/token [omitted]
[debug] [2025-11-05T10:10:24.291Z] <<< [apiv2][status] POST https://www.googleapis.com/oauth2/v3/token 400
[debug] [2025-11-05T10:10:24.291Z] <<< [apiv2][body] POST https://www.googleapis.com/oauth2/v3/token [omitted]
[debug] [2025-11-05T10:10:24.292Z] >>> [apiv2][query] GET https://firebase.googleapis.com/v1beta1/projects pageSize=100
[debug] [2025-11-05T10:10:24.476Z] <<< [apiv2][status] GET https://firebase.googleapis.com/v1beta1/projects 401
[debug] [2025-11-05T10:10:24.477Z] <<< [apiv2][body] GET https://firebase.googleapis.com/v1beta1/projects [omitted]
[debug] [2025-11-05T10:10:24.477Z] Got a 401 Unauthenticated error for a call that required authentication. Refreshing tokens.
[debug] [2025-11-05T10:10:24.477Z] Checked if tokens are valid: false, expires at: 1704272051946
[debug] [2025-11-05T10:10:24.477Z] Checked if tokens are valid: false, expires at: 1704272051946
[debug] [2025-11-05T10:10:24.477Z] > refreshing access token with scopes: []
[debug] [2025-11-05T10:10:24.479Z] >>> [apiv2][query] POST https://www.googleapis.com/oauth2/v3/token [none]
[debug] [2025-11-05T10:10:24.479Z] >>> [apiv2][body] POST https://www.googleapis.com/oauth2/v3/token [omitted]
[debug] [2025-11-05T10:10:24.584Z] <<< [apiv2][status] POST https://www.googleapis.com/oauth2/v3/token 400
[debug] [2025-11-05T10:10:24.584Z] <<< [apiv2][body] POST https://www.googleapis.com/oauth2/v3/token [omitted]
[debug] [2025-11-05T10:10:24.585Z] Request to https://firebase.googleapis.com/v1beta1/projects?pageSize=100 had HTTP Error: 401, Request had invalid authentication credentials. Expected OAuth 2 access token, login cookie or other valid authentication credential. See https://developers.google.com/identity/sign-in/web/devconsole-project.
[debug] [2025-11-05T10:10:24.709Z] FirebaseError: Request to https://firebase.googleapis.com/v1beta1/projects?pageSize=100 had HTTP Error: 401, Request had invalid authentication credentials. Expected OAuth 2 access token, login cookie or other valid authentication credential. See https://developers.google.com/identity/sign-in/web/devconsole-project.
    at responseToError (C:\Users\user\AppData\Roaming\npm\node_modules\firebase-tools\lib\responseToError.js:53:12)
    at RetryOperation._fn (C:\Users\user\AppData\Roaming\npm\node_modules\firebase-tools\lib\apiv2.js:312:77)
    at process.processTicksAndRejections (node:internal/process/task_queues:105:5)
[error] 
[error] Error: Failed to list Firebase projects. See firebase-debug.log for more info.
